TimeQuest Timing Analyzer report for qsys_control
Fri Jul 16 06:07:24 2021
Quartus Prime Version 16.1.0 Build 196 10/24/2016 SJ Lite Edition


---------------------
; Table of Contents ;
---------------------
  1. Legal Notice
  2. TimeQuest Timing Analyzer Summary
  3. Parallel Compilation
  4. SDC File List
  5. Clocks
  6. Slow 1200mV 85C Model Fmax Summary
  7. Slow 1200mV 85C Model Setup Summary
  8. Slow 1200mV 85C Model Hold Summary
  9. Slow 1200mV 85C Model Recovery Summary
 10. Slow 1200mV 85C Model Removal Summary
 11. Slow 1200mV 85C Model Minimum Pulse Width Summary
 12. Slow 1200mV 85C Model Metastability Summary
 13. Slow 1200mV 0C Model Fmax Summary
 14. Slow 1200mV 0C Model Setup Summary
 15. Slow 1200mV 0C Model Hold Summary
 16. Slow 1200mV 0C Model Recovery Summary
 17. Slow 1200mV 0C Model Removal Summary
 18. Slow 1200mV 0C Model Minimum Pulse Width Summary
 19. Slow 1200mV 0C Model Metastability Summary
 20. Fast 1200mV 0C Model Setup Summary
 21. Fast 1200mV 0C Model Hold Summary
 22. Fast 1200mV 0C Model Recovery Summary
 23. Fast 1200mV 0C Model Removal Summary
 24. Fast 1200mV 0C Model Minimum Pulse Width Summary
 25. Fast 1200mV 0C Model Metastability Summary
 26. Multicorner Timing Analysis Summary
 27. Board Trace Model Assignments
 28. Input Transition Times
 29. Signal Integrity Metrics (Slow 1200mv 0c Model)
 30. Signal Integrity Metrics (Slow 1200mv 85c Model)
 31. Signal Integrity Metrics (Fast 1200mv 0c Model)
 32. Setup Transfers
 33. Hold Transfers
 34. Recovery Transfers
 35. Removal Transfers
 36. Report TCCS
 37. Report RSKM
 38. Unconstrained Paths Summary
 39. Clock Status Summary
 40. Unconstrained Input Ports
 41. Unconstrained Output Ports
 42. Unconstrained Input Ports
 43. Unconstrained Output Ports
 44. TimeQuest Timing Analyzer Messages



----------------
; Legal Notice ;
----------------
Copyright (C) 2016  Intel Corporation. All rights reserved.
Your use of Intel Corporation's design tools, logic functions 
and other software and tools, and its AMPP partner logic 
functions, and any output files from any of the foregoing 
(including device programming or simulation files), and any 
associated documentation or information are expressly subject 
to the terms and conditions of the Intel Program License 
Subscription Agreement, the Intel Quartus Prime License Agreement,
the Intel MegaCore Function License Agreement, or other 
applicable license agreement, including, without limitation, 
that your use is for the sole purpose of programming logic 
devices manufactured by Intel and sold by Intel or its 
authorized distributors.  Please refer to the applicable 
agreement for further details.



+-----------------------------------------------------------------------------+
; TimeQuest Timing Analyzer Summary                                           ;
+-----------------------+-----------------------------------------------------+
; Quartus Prime Version ; Version 16.1.0 Build 196 10/24/2016 SJ Lite Edition ;
; Timing Analyzer       ; TimeQuest                                           ;
; Revision Name         ; qsys_control                                        ;
; Device Family         ; MAX 10                                              ;
; Device Name           ; 10M08DAF484C8GES                                    ;
; Timing Models         ; Preliminary                                         ;
; Delay Model           ; Combined                                            ;
; Rise/Fall Delays      ; Enabled                                             ;
+-----------------------+-----------------------------------------------------+


+------------------------------------------+
; Parallel Compilation                     ;
+----------------------------+-------------+
; Processors                 ; Number      ;
+----------------------------+-------------+
; Number detected on machine ; 12          ;
; Maximum allowed            ; 6           ;
;                            ;             ;
; Average used               ; 2.25        ;
; Maximum used               ; 6           ;
;                            ;             ;
; Usage by Processor         ; % Time Used ;
;     Processor 1            ; 100.0%      ;
;     Processor 2            ;  27.1%      ;
;     Processor 3            ;  25.3%      ;
;     Processor 4            ;  24.5%      ;
;     Processors 5-6         ;  24.0%      ;
+----------------------------+-------------+


+---------------------------------------------------------------------------------------------------------------------+
; SDC File List                                                                                                       ;
+---------------------------------------------------------------------------------+--------+--------------------------+
; SDC File Path                                                                   ; Status ; Read at                  ;
+---------------------------------------------------------------------------------+--------+--------------------------+
; nios2_control/synthesis/submodules/altera_reset_controller.sdc                  ; OK     ; Fri Jul 16 06:07:21 2021 ;
; nios2_control/synthesis/submodules/altera_avalon_st_handshake_clock_crosser.sdc ; OK     ; Fri Jul 16 06:07:21 2021 ;
; nios2_control/synthesis/submodules/altera_avalon_dc_fifo.sdc                    ; OK     ; Fri Jul 16 06:07:21 2021 ;
; nios2_control/synthesis/submodules/altera_onchip_flash.sdc                      ; OK     ; Fri Jul 16 06:07:21 2021 ;
; nios2_control/synthesis/submodules/nios2_control_nios2_cpu_cpu.sdc              ; OK     ; Fri Jul 16 06:07:21 2021 ;
; BeMicro_MAX10_top.sdc                                                           ; OK     ; Fri Jul 16 06:07:21 2021 ;
+---------------------------------------------------------------------------------+--------+--------------------------+


+-----------------------------------------------------------------------------------------------------------------------------------------------------------------------------------------------------------+
; Clocks                                                                                                                                                                                                    ;
+---------------------+------+---------+-----------+-------+--------+------------+-----------+-------------+-------+--------+-----------+------------+----------+--------+--------+-------------------------+
; Clock Name          ; Type ; Period  ; Frequency ; Rise  ; Fall   ; Duty Cycle ; Divide by ; Multiply by ; Phase ; Offset ; Edge List ; Edge Shift ; Inverted ; Master ; Source ; Targets                 ;
+---------------------+------+---------+-----------+-------+--------+------------+-----------+-------------+-------+--------+-----------+------------+----------+--------+--------+-------------------------+
; altera_reserved_tck ; Base ; 100.000 ; 10.0 MHz  ; 0.000 ; 50.000 ;            ;           ;             ;       ;        ;           ;            ;          ;        ;        ; { altera_reserved_tck } ;
; SYS_CLK             ; Base ; 20.000  ; 50.0 MHz  ; 0.000 ; 10.000 ;            ;           ;             ;       ;        ;           ;            ;          ;        ;        ; { SYS_CLK }             ;
; USER_CLK            ; Base ; 41.667  ; 24.0 MHz  ; 0.000 ; 20.803 ;            ;           ;             ;       ;        ;           ;            ;          ;        ;        ; { USER_CLK }            ;
+---------------------+------+---------+-----------+-------+--------+------------+-----------+-------------+-------+--------+-----------+------------+----------+--------+--------+-------------------------+


+----------------------------------------------------------+
; Slow 1200mV 85C Model Fmax Summary                       ;
+-----------+-----------------+---------------------+------+
; Fmax      ; Restricted Fmax ; Clock Name          ; Note ;
+-----------+-----------------+---------------------+------+
; 75.0 MHz  ; 75.0 MHz        ; SYS_CLK             ;      ;
; 86.28 MHz ; 86.28 MHz       ; altera_reserved_tck ;      ;
+-----------+-----------------+---------------------+------+
This panel reports FMAX for every clock in the design, regardless of the user-specified clock periods.  FMAX is only computed for paths where the source and destination registers or ports are driven by the same clock.  Paths of different clocks, including generated clocks, are ignored.  For paths between a clock and its inversion, FMAX is computed as if the rising and falling edges are scaled along with FMAX, such that the duty cycle (in terms of a percentage) is maintained. Altera recommends that you always use clock constraints and other slack reports for sign-off analysis.


+----------------------------------------------+
; Slow 1200mV 85C Model Setup Summary          ;
+---------------------+--------+---------------+
; Clock               ; Slack  ; End Point TNS ;
+---------------------+--------+---------------+
; SYS_CLK             ; 4.846  ; 0.000         ;
; altera_reserved_tck ; 44.205 ; 0.000         ;
+---------------------+--------+---------------+


+---------------------------------------------+
; Slow 1200mV 85C Model Hold Summary          ;
+---------------------+-------+---------------+
; Clock               ; Slack ; End Point TNS ;
+---------------------+-------+---------------+
; SYS_CLK             ; 0.359 ; 0.000         ;
; altera_reserved_tck ; 0.362 ; 0.000         ;
+---------------------+-------+---------------+


+----------------------------------------------+
; Slow 1200mV 85C Model Recovery Summary       ;
+---------------------+--------+---------------+
; Clock               ; Slack  ; End Point TNS ;
+---------------------+--------+---------------+
; SYS_CLK             ; 13.797 ; 0.000         ;
; altera_reserved_tck ; 47.142 ; 0.000         ;
+---------------------+--------+---------------+


+---------------------------------------------+
; Slow 1200mV 85C Model Removal Summary       ;
+---------------------+-------+---------------+
; Clock               ; Slack ; End Point TNS ;
+---------------------+-------+---------------+
; SYS_CLK             ; 1.028 ; 0.000         ;
; altera_reserved_tck ; 1.431 ; 0.000         ;
+---------------------+-------+---------------+


+---------------------------------------------------+
; Slow 1200mV 85C Model Minimum Pulse Width Summary ;
+---------------------+--------+--------------------+
; Clock               ; Slack  ; End Point TNS      ;
+---------------------+--------+--------------------+
; SYS_CLK             ; 7.907  ; 0.000              ;
; USER_CLK            ; 37.667 ; 0.000              ;
; altera_reserved_tck ; 49.645 ; 0.000              ;
+---------------------+--------+--------------------+


-----------------------------------------------
; Slow 1200mV 85C Model Metastability Summary ;
-----------------------------------------------
Worst-Case MTBF of Design is 1e+09 years or 3.15e+16 seconds.
Typical MTBF of Design is 1e+09 years or 3.15e+16 seconds.

Number of Synchronizer Chains Found: 44
Shortest Synchronizer Chain: 2 Registers
Fraction of Chains for which MTBFs Could Not be Calculated: 0.227
Worst Case Available Settling Time: 34.743 ns

Worst-Case MTBF values are calculated based on the worst-case silicon characteristics, with worst-case operating conditions.
  - Under worst-case conditions, an increase of 100ps in available settling time will increase MTBF values by a factor of 1.5
Typical MTBF values are calculated based on the nominal silicon characteristics, at nominal operating conditions.
  - Under typical conditions, an increase of 100ps in available settling time will increase MTBF values by a factor of 3.7



+----------------------------------------------------------+
; Slow 1200mV 0C Model Fmax Summary                        ;
+-----------+-----------------+---------------------+------+
; Fmax      ; Restricted Fmax ; Clock Name          ; Note ;
+-----------+-----------------+---------------------+------+
; 79.23 MHz ; 79.23 MHz       ; SYS_CLK             ;      ;
; 89.13 MHz ; 89.13 MHz       ; altera_reserved_tck ;      ;
+-----------+-----------------+---------------------+------+
This panel reports FMAX for every clock in the design, regardless of the user-specified clock periods.  FMAX is only computed for paths where the source and destination registers or ports are driven by the same clock.  Paths of different clocks, including generated clocks, are ignored.  For paths between a clock and its inversion, FMAX is computed as if the rising and falling edges are scaled along with FMAX, such that the duty cycle (in terms of a percentage) is maintained. Altera recommends that you always use clock constraints and other slack reports for sign-off analysis.


+----------------------------------------------+
; Slow 1200mV 0C Model Setup Summary           ;
+---------------------+--------+---------------+
; Clock               ; Slack  ; End Point TNS ;
+---------------------+--------+---------------+
; SYS_CLK             ; 5.165  ; 0.000         ;
; altera_reserved_tck ; 44.390 ; 0.000         ;
+---------------------+--------+---------------+


+---------------------------------------------+
; Slow 1200mV 0C Model Hold Summary           ;
+---------------------+-------+---------------+
; Clock               ; Slack ; End Point TNS ;
+---------------------+-------+---------------+
; SYS_CLK             ; 0.321 ; 0.000         ;
; altera_reserved_tck ; 0.324 ; 0.000         ;
+---------------------+-------+---------------+


+----------------------------------------------+
; Slow 1200mV 0C Model Recovery Summary        ;
+---------------------+--------+---------------+
; Clock               ; Slack  ; End Point TNS ;
+---------------------+--------+---------------+
; SYS_CLK             ; 14.238 ; 0.000         ;
; altera_reserved_tck ; 47.308 ; 0.000         ;
+---------------------+--------+---------------+


+---------------------------------------------+
; Slow 1200mV 0C Model Removal Summary        ;
+---------------------+-------+---------------+
; Clock               ; Slack ; End Point TNS ;
+---------------------+-------+---------------+
; SYS_CLK             ; 0.953 ; 0.000         ;
; altera_reserved_tck ; 1.284 ; 0.000         ;
+---------------------+-------+---------------+


+--------------------------------------------------+
; Slow 1200mV 0C Model Minimum Pulse Width Summary ;
+---------------------+--------+-------------------+
; Clock               ; Slack  ; End Point TNS     ;
+---------------------+--------+-------------------+
; SYS_CLK             ; 7.843  ; 0.000             ;
; USER_CLK            ; 37.667 ; 0.000             ;
; altera_reserved_tck ; 49.673 ; 0.000             ;
+---------------------+--------+-------------------+


----------------------------------------------
; Slow 1200mV 0C Model Metastability Summary ;
----------------------------------------------
Worst-Case MTBF of Design is 1e+09 years or 3.15e+16 seconds.
Typical MTBF of Design is 1e+09 years or 3.15e+16 seconds.

Number of Synchronizer Chains Found: 44
Shortest Synchronizer Chain: 2 Registers
Fraction of Chains for which MTBFs Could Not be Calculated: 0.227
Worst Case Available Settling Time: 35.142 ns

Worst-Case MTBF values are calculated based on the worst-case silicon characteristics, with worst-case operating conditions.
  - Under worst-case conditions, an increase of 100ps in available settling time will increase MTBF values by a factor of 1.5
Typical MTBF values are calculated based on the nominal silicon characteristics, at nominal operating conditions.
  - Under typical conditions, an increase of 100ps in available settling time will increase MTBF values by a factor of 3.7



+----------------------------------------------+
; Fast 1200mV 0C Model Setup Summary           ;
+---------------------+--------+---------------+
; Clock               ; Slack  ; End Point TNS ;
+---------------------+--------+---------------+
; SYS_CLK             ; 6.578  ; 0.000         ;
; altera_reserved_tck ; 48.050 ; 0.000         ;
+---------------------+--------+---------------+


+---------------------------------------------+
; Fast 1200mV 0C Model Hold Summary           ;
+---------------------+-------+---------------+
; Clock               ; Slack ; End Point TNS ;
+---------------------+-------+---------------+
; SYS_CLK             ; 0.150 ; 0.000         ;
; altera_reserved_tck ; 0.152 ; 0.000         ;
+---------------------+-------+---------------+


+----------------------------------------------+
; Fast 1200mV 0C Model Recovery Summary        ;
+---------------------+--------+---------------+
; Clock               ; Slack  ; End Point TNS ;
+---------------------+--------+---------------+
; SYS_CLK             ; 17.144 ; 0.000         ;
; altera_reserved_tck ; 49.034 ; 0.000         ;
+---------------------+--------+---------------+


+---------------------------------------------+
; Fast 1200mV 0C Model Removal Summary        ;
+---------------------+-------+---------------+
; Clock               ; Slack ; End Point TNS ;
+---------------------+-------+---------------+
; SYS_CLK             ; 0.423 ; 0.000         ;
; altera_reserved_tck ; 0.574 ; 0.000         ;
+---------------------+-------+---------------+


+--------------------------------------------------+
; Fast 1200mV 0C Model Minimum Pulse Width Summary ;
+---------------------+--------+-------------------+
; Clock               ; Slack  ; End Point TNS     ;
+---------------------+--------+-------------------+
; SYS_CLK             ; 7.580  ; 0.000             ;
; USER_CLK            ; 37.667 ; 0.000             ;
; altera_reserved_tck ; 49.416 ; 0.000             ;
+---------------------+--------+-------------------+


----------------------------------------------
; Fast 1200mV 0C Model Metastability Summary ;
----------------------------------------------
Worst-Case MTBF of Design is 1e+09 years or 3.15e+16 seconds.
Typical MTBF of Design is 1e+09 years or 3.15e+16 seconds.

Number of Synchronizer Chains Found: 44
Shortest Synchronizer Chain: 2 Registers
Fraction of Chains for which MTBFs Could Not be Calculated: 0.227
Worst Case Available Settling Time: 37.969 ns

Worst-Case MTBF values are calculated based on the worst-case silicon characteristics, with worst-case operating conditions.
  - Under worst-case conditions, an increase of 100ps in available settling time will increase MTBF values by a factor of 1.5
Typical MTBF values are calculated based on the nominal silicon characteristics, at nominal operating conditions.
  - Under typical conditions, an increase of 100ps in available settling time will increase MTBF values by a factor of 3.7



+----------------------------------------------------------------------------------+
; Multicorner Timing Analysis Summary                                              ;
+----------------------+--------+-------+----------+---------+---------------------+
; Clock                ; Setup  ; Hold  ; Recovery ; Removal ; Minimum Pulse Width ;
+----------------------+--------+-------+----------+---------+---------------------+
; Worst-case Slack     ; 4.846  ; 0.150 ; 13.797   ; 0.423   ; 7.580               ;
;  SYS_CLK             ; 4.846  ; 0.150 ; 13.797   ; 0.423   ; 7.580               ;
;  USER_CLK            ; N/A    ; N/A   ; N/A      ; N/A     ; 37.667              ;
;  altera_reserved_tck ; 44.205 ; 0.152 ; 47.142   ; 0.574   ; 49.416              ;
; Design-wide TNS      ; 0.0    ; 0.0   ; 0.0      ; 0.0     ; 0.0                 ;
;  SYS_CLK             ; 0.000  ; 0.000 ; 0.000    ; 0.000   ; 0.000               ;
;  USER_CLK            ; N/A    ; N/A   ; N/A      ; N/A     ; 0.000               ;
;  altera_reserved_tck ; 0.000  ; 0.000 ; 0.000    ; 0.000   ; 0.000               ;
+----------------------+--------+-------+----------+---------+---------------------+


+------------------------------------------------------------------------------------------------------------------------------------------------------------------------------------------------------------------------------------------------------------------------------------------------------------------------------------------------------------------------------------------------------------------------+
; Board Trace Model Assignments                                                                                                                                                                                                                                                                                                                                                                                          ;
+---------------------+--------------+-------------------+-------------------------+-------------------------+---------------+---------------------+----------------+------------------+--------+------------------+------------------------+------------------------+--------------+---------------+-----------------+-------+---------------------+--------------------+---------------+-----------------+-------------+
; Pin                 ; I/O Standard ; Near Tline Length ; Near Tline L per Length ; Near Tline C per Length ; Near Series R ; Near Differential R ; Near Pull-up R ; Near Pull-down R ; Near C ; Far Tline Length ; Far Tline L per Length ; Far Tline C per Length ; Far Series R ; Far Pull-up R ; Far Pull-down R ; Far C ; Termination Voltage ; Far Differential R ; EBD File Name ; EBD Signal Name ; EBD Far-end ;
+---------------------+--------------+-------------------+-------------------------+-------------------------+---------------+---------------------+----------------+------------------+--------+------------------+------------------------+------------------------+--------------+---------------+-----------------+-------+---------------------+--------------------+---------------+-----------------+-------------+
; USER_LED[1]         ; 2.5 V        ; 0 in              ; 0 H/in                  ; 0 F/in                  ; short         ; -                   ; open           ; open             ; open   ; 0 in             ; 0 H/in                 ; 0 F/in                 ; short        ; open          ; open            ; open  ; 0 V                 ; -                  ; n/a           ; n/a             ; n/a         ;
; USER_LED[2]         ; 2.5 V        ; 0 in              ; 0 H/in                  ; 0 F/in                  ; short         ; -                   ; open           ; open             ; open   ; 0 in             ; 0 H/in                 ; 0 F/in                 ; short        ; open          ; open            ; open  ; 0 V                 ; -                  ; n/a           ; n/a             ; n/a         ;
; USER_LED[3]         ; 2.5 V        ; 0 in              ; 0 H/in                  ; 0 F/in                  ; short         ; -                   ; open           ; open             ; open   ; 0 in             ; 0 H/in                 ; 0 F/in                 ; short        ; open          ; open            ; open  ; 0 V                 ; -                  ; n/a           ; n/a             ; n/a         ;
; USER_LED[4]         ; 2.5 V        ; 0 in              ; 0 H/in                  ; 0 F/in                  ; short         ; -                   ; open           ; open             ; open   ; 0 in             ; 0 H/in                 ; 0 F/in                 ; short        ; open          ; open            ; open  ; 0 V                 ; -                  ; n/a           ; n/a             ; n/a         ;
; USER_LED[5]         ; 2.5 V        ; 0 in              ; 0 H/in                  ; 0 F/in                  ; short         ; -                   ; open           ; open             ; open   ; 0 in             ; 0 H/in                 ; 0 F/in                 ; short        ; open          ; open            ; open  ; 0 V                 ; -                  ; n/a           ; n/a             ; n/a         ;
; USER_LED[6]         ; 2.5 V        ; 0 in              ; 0 H/in                  ; 0 F/in                  ; short         ; -                   ; open           ; open             ; open   ; 0 in             ; 0 H/in                 ; 0 F/in                 ; short        ; open          ; open            ; open  ; 0 V                 ; -                  ; n/a           ; n/a             ; n/a         ;
; USER_LED[7]         ; 2.5 V        ; 0 in              ; 0 H/in                  ; 0 F/in                  ; short         ; -                   ; open           ; open             ; open   ; 0 in             ; 0 H/in                 ; 0 F/in                 ; short        ; open          ; open            ; open  ; 0 V                 ; -                  ; n/a           ; n/a             ; n/a         ;
; USER_LED[8]         ; 2.5 V        ; 0 in              ; 0 H/in                  ; 0 F/in                  ; short         ; -                   ; open           ; open             ; open   ; 0 in             ; 0 H/in                 ; 0 F/in                 ; short        ; open          ; open            ; open  ; 0 V                 ; -                  ; n/a           ; n/a             ; n/a         ;
; altera_reserved_tdo ; 2.5 V        ; 0 in              ; 0 H/in                  ; 0 F/in                  ; short         ; -                   ; open           ; open             ; open   ; 0 in             ; 0 H/in                 ; 0 F/in                 ; short        ; open          ; open            ; open  ; 0 V                 ; -                  ; n/a           ; n/a             ; n/a         ;
+---------------------+--------------+-------------------+-------------------------+-------------------------+---------------+---------------------+----------------+------------------+--------+------------------+------------------------+------------------------+--------------+---------------+-----------------+-------+---------------------+--------------------+---------------+-----------------+-------------+


+---------------------------------------------------------------------------------+
; Input Transition Times                                                          ;
+---------------------+-----------------------+-----------------+-----------------+
; Pin                 ; I/O Standard          ; 10-90 Rise Time ; 90-10 Fall Time ;
+---------------------+-----------------------+-----------------+-----------------+
; USER_CLK            ; 2.5 V                 ; 2000 ps         ; 2000 ps         ;
; SYS_CLK             ; 2.5 V                 ; 2000 ps         ; 2000 ps         ;
; PB[1]               ; 2.5 V                 ; 2000 ps         ; 2000 ps         ;
; PB[4]               ; 2.5 V                 ; 2000 ps         ; 2000 ps         ;
; PB[2]               ; 2.5 V                 ; 2000 ps         ; 2000 ps         ;
; PB[3]               ; 2.5 V                 ; 2000 ps         ; 2000 ps         ;
; altera_reserved_tms ; 2.5 V Schmitt Trigger ; 2000 ps         ; 2000 ps         ;
; altera_reserved_tck ; 2.5 V Schmitt Trigger ; 2000 ps         ; 2000 ps         ;
; altera_reserved_tdi ; 2.5 V Schmitt Trigger ; 2000 ps         ; 2000 ps         ;
; ~ALTERA_CONFIG_SEL~ ; 2.5 V                 ; 2000 ps         ; 2000 ps         ;
; ~ALTERA_nCONFIG~    ; 2.5 V Schmitt Trigger ; 2000 ps         ; 2000 ps         ;
; ~ALTERA_nSTATUS~    ; 2.5 V Schmitt Trigger ; 2000 ps         ; 2000 ps         ;
; ~ALTERA_CONF_DONE~  ; 2.5 V Schmitt Trigger ; 2000 ps         ; 2000 ps         ;
+---------------------+-----------------------+-----------------+-----------------+


+--------------------------------------------------------------------------------------------------------------------------------------------------------------------------------------------------------------------------------------------------------------------------------------------------------------------------------------------------------------------------------------------------------------------------------------------------------------------------------------------------------------------------------------------------------------------------------------------------------------------------------------------------------------------------------------------------+
; Signal Integrity Metrics (Slow 1200mv 0c Model)                                                                                                                                                                                                                                                                                                                                                                                                                                                                                                                                                                                                                                                  ;
+---------------------+--------------+---------------------+---------------------+------------------------------+------------------------------+---------------------+---------------------+--------------------------------------+--------------------------------------+-----------------------------+-----------------------------+----------------------------+----------------------------+-----------------------------+-----------------------------+--------------------+--------------------+-------------------------------------+-------------------------------------+----------------------------+----------------------------+---------------------------+---------------------------+
; Pin                 ; I/O Standard ; Board Delay on Rise ; Board Delay on Fall ; Steady State Voh at FPGA Pin ; Steady State Vol at FPGA Pin ; Voh Max at FPGA Pin ; Vol Min at FPGA Pin ; Ringback Voltage on Rise at FPGA Pin ; Ringback Voltage on Fall at FPGA Pin ; 10-90 Rise Time at FPGA Pin ; 90-10 Fall Time at FPGA Pin ; Monotonic Rise at FPGA Pin ; Monotonic Fall at FPGA Pin ; Steady State Voh at Far-end ; Steady State Vol at Far-end ; Voh Max at Far-end ; Vol Min at Far-end ; Ringback Voltage on Rise at Far-end ; Ringback Voltage on Fall at Far-end ; 10-90 Rise Time at Far-end ; 90-10 Fall Time at Far-end ; Monotonic Rise at Far-end ; Monotonic Fall at Far-end ;
+---------------------+--------------+---------------------+---------------------+------------------------------+------------------------------+---------------------+---------------------+--------------------------------------+--------------------------------------+-----------------------------+-----------------------------+----------------------------+----------------------------+-----------------------------+-----------------------------+--------------------+--------------------+-------------------------------------+-------------------------------------+----------------------------+----------------------------+---------------------------+---------------------------+
; USER_LED[1]         ; 2.5 V        ; 0 s                 ; 0 s                 ; 2.32 V                       ; 5.46e-09 V                   ; 2.33 V              ; -0.00038 V          ; 0.046 V                              ; 0.02 V                               ; 3.84e-09 s                  ; 4.99e-09 s                  ; Yes                        ; Yes                        ; 2.32 V                      ; 5.46e-09 V                  ; 2.33 V             ; -0.00038 V         ; 0.046 V                             ; 0.02 V                              ; 3.84e-09 s                 ; 4.99e-09 s                 ; Yes                       ; Yes                       ;
; USER_LED[2]         ; 2.5 V        ; 0 s                 ; 0 s                 ; 2.32 V                       ; 5.44e-09 V                   ; 2.34 V              ; -0.00419 V          ; 0.034 V                              ; 0.008 V                              ; 8.15e-10 s                  ; 7.47e-10 s                  ; Yes                        ; Yes                        ; 2.32 V                      ; 5.44e-09 V                  ; 2.34 V             ; -0.00419 V         ; 0.034 V                             ; 0.008 V                             ; 8.15e-10 s                 ; 7.47e-10 s                 ; Yes                       ; Yes                       ;
; USER_LED[3]         ; 2.5 V        ; 0 s                 ; 0 s                 ; 2.32 V                       ; 5.44e-09 V                   ; 2.34 V              ; -0.00419 V          ; 0.034 V                              ; 0.008 V                              ; 8.15e-10 s                  ; 7.47e-10 s                  ; Yes                        ; Yes                        ; 2.32 V                      ; 5.44e-09 V                  ; 2.34 V             ; -0.00419 V         ; 0.034 V                             ; 0.008 V                             ; 8.15e-10 s                 ; 7.47e-10 s                 ; Yes                       ; Yes                       ;
; USER_LED[4]         ; 2.5 V        ; 0 s                 ; 0 s                 ; 2.32 V                       ; 5.46e-09 V                   ; 2.34 V              ; -0.00405 V          ; 0.034 V                              ; 0.007 V                              ; 8.17e-10 s                  ; 7.47e-10 s                  ; Yes                        ; Yes                        ; 2.32 V                      ; 5.46e-09 V                  ; 2.34 V             ; -0.00405 V         ; 0.034 V                             ; 0.007 V                             ; 8.17e-10 s                 ; 7.47e-10 s                 ; Yes                       ; Yes                       ;
; USER_LED[5]         ; 2.5 V        ; 0 s                 ; 0 s                 ; 2.32 V                       ; 5.46e-09 V                   ; 2.34 V              ; -0.00405 V          ; 0.034 V                              ; 0.007 V                              ; 8.17e-10 s                  ; 7.47e-10 s                  ; Yes                        ; Yes                        ; 2.32 V                      ; 5.46e-09 V                  ; 2.34 V             ; -0.00405 V         ; 0.034 V                             ; 0.007 V                             ; 8.17e-10 s                 ; 7.47e-10 s                 ; Yes                       ; Yes                       ;
; USER_LED[6]         ; 2.5 V        ; 0 s                 ; 0 s                 ; 2.32 V                       ; 5.44e-09 V                   ; 2.34 V              ; -0.00419 V          ; 0.034 V                              ; 0.008 V                              ; 8.15e-10 s                  ; 7.47e-10 s                  ; Yes                        ; Yes                        ; 2.32 V                      ; 5.44e-09 V                  ; 2.34 V             ; -0.00419 V         ; 0.034 V                             ; 0.008 V                             ; 8.15e-10 s                 ; 7.47e-10 s                 ; Yes                       ; Yes                       ;
; USER_LED[7]         ; 2.5 V        ; 0 s                 ; 0 s                 ; 2.32 V                       ; 5.44e-09 V                   ; 2.34 V              ; -0.00419 V          ; 0.034 V                              ; 0.008 V                              ; 8.15e-10 s                  ; 7.47e-10 s                  ; Yes                        ; Yes                        ; 2.32 V                      ; 5.44e-09 V                  ; 2.34 V             ; -0.00419 V         ; 0.034 V                             ; 0.008 V                             ; 8.15e-10 s                 ; 7.47e-10 s                 ; Yes                       ; Yes                       ;
; USER_LED[8]         ; 2.5 V        ; 0 s                 ; 0 s                 ; 2.32 V                       ; 5.46e-09 V                   ; 2.34 V              ; -0.00405 V          ; 0.034 V                              ; 0.007 V                              ; 8.17e-10 s                  ; 7.47e-10 s                  ; Yes                        ; Yes                        ; 2.32 V                      ; 5.46e-09 V                  ; 2.34 V             ; -0.00405 V         ; 0.034 V                             ; 0.007 V                             ; 8.17e-10 s                 ; 7.47e-10 s                 ; Yes                       ; Yes                       ;
; altera_reserved_tdo ; 2.5 V        ; 0 s                 ; 0 s                 ; 2.32 V                       ; 7.49e-09 V                   ; 2.38 V              ; -0.0505 V           ; 0.23 V                               ; 0.155 V                              ; 4.84e-10 s                  ; 6.18e-10 s                  ; Yes                        ; No                         ; 2.32 V                      ; 7.49e-09 V                  ; 2.38 V             ; -0.0505 V          ; 0.23 V                              ; 0.155 V                             ; 4.84e-10 s                 ; 6.18e-10 s                 ; Yes                       ; No                        ;
+---------------------+--------------+---------------------+---------------------+------------------------------+------------------------------+---------------------+---------------------+--------------------------------------+--------------------------------------+-----------------------------+-----------------------------+----------------------------+----------------------------+-----------------------------+-----------------------------+--------------------+--------------------+-------------------------------------+-------------------------------------+----------------------------+----------------------------+---------------------------+---------------------------+


+--------------------------------------------------------------------------------------------------------------------------------------------------------------------------------------------------------------------------------------------------------------------------------------------------------------------------------------------------------------------------------------------------------------------------------------------------------------------------------------------------------------------------------------------------------------------------------------------------------------------------------------------------------------------------------------------------+
; Signal Integrity Metrics (Slow 1200mv 85c Model)                                                                                                                                                                                                                                                                                                                                                                                                                                                                                                                                                                                                                                                 ;
+---------------------+--------------+---------------------+---------------------+------------------------------+------------------------------+---------------------+---------------------+--------------------------------------+--------------------------------------+-----------------------------+-----------------------------+----------------------------+----------------------------+-----------------------------+-----------------------------+--------------------+--------------------+-------------------------------------+-------------------------------------+----------------------------+----------------------------+---------------------------+---------------------------+
; Pin                 ; I/O Standard ; Board Delay on Rise ; Board Delay on Fall ; Steady State Voh at FPGA Pin ; Steady State Vol at FPGA Pin ; Voh Max at FPGA Pin ; Vol Min at FPGA Pin ; Ringback Voltage on Rise at FPGA Pin ; Ringback Voltage on Fall at FPGA Pin ; 10-90 Rise Time at FPGA Pin ; 90-10 Fall Time at FPGA Pin ; Monotonic Rise at FPGA Pin ; Monotonic Fall at FPGA Pin ; Steady State Voh at Far-end ; Steady State Vol at Far-end ; Voh Max at Far-end ; Vol Min at Far-end ; Ringback Voltage on Rise at Far-end ; Ringback Voltage on Fall at Far-end ; 10-90 Rise Time at Far-end ; 90-10 Fall Time at Far-end ; Monotonic Rise at Far-end ; Monotonic Fall at Far-end ;
+---------------------+--------------+---------------------+---------------------+------------------------------+------------------------------+---------------------+---------------------+--------------------------------------+--------------------------------------+-----------------------------+-----------------------------+----------------------------+----------------------------+-----------------------------+-----------------------------+--------------------+--------------------+-------------------------------------+-------------------------------------+----------------------------+----------------------------+---------------------------+---------------------------+
; USER_LED[1]         ; 2.5 V        ; 0 s                 ; 0 s                 ; 2.32 V                       ; 5.7e-07 V                    ; 2.32 V              ; 5.7e-07 V           ; 0.021 V                              ; 0.013 V                              ; 4.62e-09 s                  ; 6.02e-09 s                  ; Yes                        ; Yes                        ; 2.32 V                      ; 5.7e-07 V                   ; 2.32 V             ; 5.7e-07 V          ; 0.021 V                             ; 0.013 V                             ; 4.62e-09 s                 ; 6.02e-09 s                 ; Yes                       ; Yes                       ;
; USER_LED[2]         ; 2.5 V        ; 0 s                 ; 0 s                 ; 2.32 V                       ; 5.7e-07 V                    ; 2.33 V              ; -0.00217 V          ; 0.024 V                              ; 0.012 V                              ; 9.3e-10 s                   ; 9.14e-10 s                  ; Yes                        ; Yes                        ; 2.32 V                      ; 5.7e-07 V                   ; 2.33 V             ; -0.00217 V         ; 0.024 V                             ; 0.012 V                             ; 9.3e-10 s                  ; 9.14e-10 s                 ; Yes                       ; Yes                       ;
; USER_LED[3]         ; 2.5 V        ; 0 s                 ; 0 s                 ; 2.32 V                       ; 5.7e-07 V                    ; 2.33 V              ; -0.00217 V          ; 0.024 V                              ; 0.012 V                              ; 9.3e-10 s                   ; 9.14e-10 s                  ; Yes                        ; Yes                        ; 2.32 V                      ; 5.7e-07 V                   ; 2.33 V             ; -0.00217 V         ; 0.024 V                             ; 0.012 V                             ; 9.3e-10 s                  ; 9.14e-10 s                 ; Yes                       ; Yes                       ;
; USER_LED[4]         ; 2.5 V        ; 0 s                 ; 0 s                 ; 2.32 V                       ; 5.7e-07 V                    ; 2.33 V              ; -0.00231 V          ; 0.023 V                              ; 0.012 V                              ; 9.28e-10 s                  ; 9.14e-10 s                  ; Yes                        ; Yes                        ; 2.32 V                      ; 5.7e-07 V                   ; 2.33 V             ; -0.00231 V         ; 0.023 V                             ; 0.012 V                             ; 9.28e-10 s                 ; 9.14e-10 s                 ; Yes                       ; Yes                       ;
; USER_LED[5]         ; 2.5 V        ; 0 s                 ; 0 s                 ; 2.32 V                       ; 5.7e-07 V                    ; 2.33 V              ; -0.00231 V          ; 0.023 V                              ; 0.012 V                              ; 9.28e-10 s                  ; 9.14e-10 s                  ; Yes                        ; Yes                        ; 2.32 V                      ; 5.7e-07 V                   ; 2.33 V             ; -0.00231 V         ; 0.023 V                             ; 0.012 V                             ; 9.28e-10 s                 ; 9.14e-10 s                 ; Yes                       ; Yes                       ;
; USER_LED[6]         ; 2.5 V        ; 0 s                 ; 0 s                 ; 2.32 V                       ; 5.7e-07 V                    ; 2.33 V              ; -0.00217 V          ; 0.024 V                              ; 0.012 V                              ; 9.3e-10 s                   ; 9.14e-10 s                  ; Yes                        ; Yes                        ; 2.32 V                      ; 5.7e-07 V                   ; 2.33 V             ; -0.00217 V         ; 0.024 V                             ; 0.012 V                             ; 9.3e-10 s                  ; 9.14e-10 s                 ; Yes                       ; Yes                       ;
; USER_LED[7]         ; 2.5 V        ; 0 s                 ; 0 s                 ; 2.32 V                       ; 5.7e-07 V                    ; 2.33 V              ; -0.00217 V          ; 0.024 V                              ; 0.012 V                              ; 9.3e-10 s                   ; 9.14e-10 s                  ; Yes                        ; Yes                        ; 2.32 V                      ; 5.7e-07 V                   ; 2.33 V             ; -0.00217 V         ; 0.024 V                             ; 0.012 V                             ; 9.3e-10 s                  ; 9.14e-10 s                 ; Yes                       ; Yes                       ;
; USER_LED[8]         ; 2.5 V        ; 0 s                 ; 0 s                 ; 2.32 V                       ; 5.7e-07 V                    ; 2.33 V              ; -0.00231 V          ; 0.023 V                              ; 0.012 V                              ; 9.28e-10 s                  ; 9.14e-10 s                  ; Yes                        ; Yes                        ; 2.32 V                      ; 5.7e-07 V                   ; 2.33 V             ; -0.00231 V         ; 0.023 V                             ; 0.012 V                             ; 9.28e-10 s                 ; 9.14e-10 s                 ; Yes                       ; Yes                       ;
; altera_reserved_tdo ; 2.5 V        ; 0 s                 ; 0 s                 ; 2.32 V                       ; 7.88e-07 V                   ; 2.36 V              ; -0.0211 V           ; 0.162 V                              ; 0.122 V                              ; 6.58e-10 s                  ; 7.79e-10 s                  ; No                         ; Yes                        ; 2.32 V                      ; 7.88e-07 V                  ; 2.36 V             ; -0.0211 V          ; 0.162 V                             ; 0.122 V                             ; 6.58e-10 s                 ; 7.79e-10 s                 ; No                        ; Yes                       ;
+---------------------+--------------+---------------------+---------------------+------------------------------+------------------------------+---------------------+---------------------+--------------------------------------+--------------------------------------+-----------------------------+-----------------------------+----------------------------+----------------------------+-----------------------------+-----------------------------+--------------------+--------------------+-------------------------------------+-------------------------------------+----------------------------+----------------------------+---------------------------+---------------------------+


+--------------------------------------------------------------------------------------------------------------------------------------------------------------------------------------------------------------------------------------------------------------------------------------------------------------------------------------------------------------------------------------------------------------------------------------------------------------------------------------------------------------------------------------------------------------------------------------------------------------------------------------------------------------------------------------------------+
; Signal Integrity Metrics (Fast 1200mv 0c Model)                                                                                                                                                                                                                                                                                                                                                                                                                                                                                                                                                                                                                                                  ;
+---------------------+--------------+---------------------+---------------------+------------------------------+------------------------------+---------------------+---------------------+--------------------------------------+--------------------------------------+-----------------------------+-----------------------------+----------------------------+----------------------------+-----------------------------+-----------------------------+--------------------+--------------------+-------------------------------------+-------------------------------------+----------------------------+----------------------------+---------------------------+---------------------------+
; Pin                 ; I/O Standard ; Board Delay on Rise ; Board Delay on Fall ; Steady State Voh at FPGA Pin ; Steady State Vol at FPGA Pin ; Voh Max at FPGA Pin ; Vol Min at FPGA Pin ; Ringback Voltage on Rise at FPGA Pin ; Ringback Voltage on Fall at FPGA Pin ; 10-90 Rise Time at FPGA Pin ; 90-10 Fall Time at FPGA Pin ; Monotonic Rise at FPGA Pin ; Monotonic Fall at FPGA Pin ; Steady State Voh at Far-end ; Steady State Vol at Far-end ; Voh Max at Far-end ; Vol Min at Far-end ; Ringback Voltage on Rise at Far-end ; Ringback Voltage on Fall at Far-end ; 10-90 Rise Time at Far-end ; 90-10 Fall Time at Far-end ; Monotonic Rise at Far-end ; Monotonic Fall at Far-end ;
+---------------------+--------------+---------------------+---------------------+------------------------------+------------------------------+---------------------+---------------------+--------------------------------------+--------------------------------------+-----------------------------+-----------------------------+----------------------------+----------------------------+-----------------------------+-----------------------------+--------------------+--------------------+-------------------------------------+-------------------------------------+----------------------------+----------------------------+---------------------------+---------------------------+
; USER_LED[1]         ; 2.5 V        ; 0 s                 ; 0 s                 ; 2.62 V                       ; 1.21e-07 V                   ; 2.63 V              ; -0.00145 V          ; 0.065 V                              ; 0.042 V                              ; 2.87e-09 s                  ; 3.84e-09 s                  ; Yes                        ; Yes                        ; 2.62 V                      ; 1.21e-07 V                  ; 2.63 V             ; -0.00145 V         ; 0.065 V                             ; 0.042 V                             ; 2.87e-09 s                 ; 3.84e-09 s                 ; Yes                       ; Yes                       ;
; USER_LED[2]         ; 2.5 V        ; 0 s                 ; 0 s                 ; 2.62 V                       ; 1.21e-07 V                   ; 2.66 V              ; -0.00624 V          ; 0.074 V                              ; 0.015 V                              ; 5.78e-10 s                  ; 5.63e-10 s                  ; Yes                        ; Yes                        ; 2.62 V                      ; 1.21e-07 V                  ; 2.66 V             ; -0.00624 V         ; 0.074 V                             ; 0.015 V                             ; 5.78e-10 s                 ; 5.63e-10 s                 ; Yes                       ; Yes                       ;
; USER_LED[3]         ; 2.5 V        ; 0 s                 ; 0 s                 ; 2.62 V                       ; 1.21e-07 V                   ; 2.66 V              ; -0.00624 V          ; 0.074 V                              ; 0.015 V                              ; 5.78e-10 s                  ; 5.63e-10 s                  ; Yes                        ; Yes                        ; 2.62 V                      ; 1.21e-07 V                  ; 2.66 V             ; -0.00624 V         ; 0.074 V                             ; 0.015 V                             ; 5.78e-10 s                 ; 5.63e-10 s                 ; Yes                       ; Yes                       ;
; USER_LED[4]         ; 2.5 V        ; 0 s                 ; 0 s                 ; 2.62 V                       ; 1.21e-07 V                   ; 2.66 V              ; -0.00612 V          ; 0.074 V                              ; 0.015 V                              ; 5.79e-10 s                  ; 5.63e-10 s                  ; Yes                        ; Yes                        ; 2.62 V                      ; 1.21e-07 V                  ; 2.66 V             ; -0.00612 V         ; 0.074 V                             ; 0.015 V                             ; 5.79e-10 s                 ; 5.63e-10 s                 ; Yes                       ; Yes                       ;
; USER_LED[5]         ; 2.5 V        ; 0 s                 ; 0 s                 ; 2.62 V                       ; 1.21e-07 V                   ; 2.66 V              ; -0.00612 V          ; 0.074 V                              ; 0.015 V                              ; 5.79e-10 s                  ; 5.63e-10 s                  ; Yes                        ; Yes                        ; 2.62 V                      ; 1.21e-07 V                  ; 2.66 V             ; -0.00612 V         ; 0.074 V                             ; 0.015 V                             ; 5.79e-10 s                 ; 5.63e-10 s                 ; Yes                       ; Yes                       ;
; USER_LED[6]         ; 2.5 V        ; 0 s                 ; 0 s                 ; 2.62 V                       ; 1.21e-07 V                   ; 2.66 V              ; -0.00624 V          ; 0.074 V                              ; 0.015 V                              ; 5.78e-10 s                  ; 5.63e-10 s                  ; Yes                        ; Yes                        ; 2.62 V                      ; 1.21e-07 V                  ; 2.66 V             ; -0.00624 V         ; 0.074 V                             ; 0.015 V                             ; 5.78e-10 s                 ; 5.63e-10 s                 ; Yes                       ; Yes                       ;
; USER_LED[7]         ; 2.5 V        ; 0 s                 ; 0 s                 ; 2.62 V                       ; 1.21e-07 V                   ; 2.66 V              ; -0.00624 V          ; 0.074 V                              ; 0.015 V                              ; 5.78e-10 s                  ; 5.63e-10 s                  ; Yes                        ; Yes                        ; 2.62 V                      ; 1.21e-07 V                  ; 2.66 V             ; -0.00624 V         ; 0.074 V                             ; 0.015 V                             ; 5.78e-10 s                 ; 5.63e-10 s                 ; Yes                       ; Yes                       ;
; USER_LED[8]         ; 2.5 V        ; 0 s                 ; 0 s                 ; 2.62 V                       ; 1.21e-07 V                   ; 2.66 V              ; -0.00612 V          ; 0.074 V                              ; 0.015 V                              ; 5.79e-10 s                  ; 5.63e-10 s                  ; Yes                        ; Yes                        ; 2.62 V                      ; 1.21e-07 V                  ; 2.66 V             ; -0.00612 V         ; 0.074 V                             ; 0.015 V                             ; 5.79e-10 s                 ; 5.63e-10 s                 ; Yes                       ; Yes                       ;
; altera_reserved_tdo ; 2.5 V        ; 0 s                 ; 0 s                 ; 2.62 V                       ; 1.68e-07 V                   ; 2.73 V              ; -0.0395 V           ; 0.361 V                              ; 0.109 V                              ; 3.1e-10 s                   ; 4.41e-10 s                  ; No                         ; Yes                        ; 2.62 V                      ; 1.68e-07 V                  ; 2.73 V             ; -0.0395 V          ; 0.361 V                             ; 0.109 V                             ; 3.1e-10 s                  ; 4.41e-10 s                 ; No                        ; Yes                       ;
+---------------------+--------------+---------------------+---------------------+------------------------------+------------------------------+---------------------+---------------------+--------------------------------------+--------------------------------------+-----------------------------+-----------------------------+----------------------------+----------------------------+-----------------------------+-----------------------------+--------------------+--------------------+-------------------------------------+-------------------------------------+----------------------------+----------------------------+---------------------------+---------------------------+


+-------------------------------------------------------------------------------------------+
; Setup Transfers                                                                           ;
+---------------------+---------------------+------------+------------+----------+----------+
; From Clock          ; To Clock            ; RR Paths   ; FR Paths   ; RF Paths ; FF Paths ;
+---------------------+---------------------+------------+------------+----------+----------+
; altera_reserved_tck ; altera_reserved_tck ; 1791       ; 0          ; 58       ; 3        ;
; SYS_CLK             ; altera_reserved_tck ; false path ; 0          ; 0        ; 0        ;
; altera_reserved_tck ; SYS_CLK             ; false path ; false path ; 0        ; 0        ;
; SYS_CLK             ; SYS_CLK             ; 162463     ; 323        ; 15       ; 0        ;
+---------------------+---------------------+------------+------------+----------+----------+
Entries labeled "false path" only account for clock-to-clock false paths and not path-based false paths. As a result, actual path counts may be lower than reported.


+-------------------------------------------------------------------------------------------+
; Hold Transfers                                                                            ;
+---------------------+---------------------+------------+------------+----------+----------+
; From Clock          ; To Clock            ; RR Paths   ; FR Paths   ; RF Paths ; FF Paths ;
+---------------------+---------------------+------------+------------+----------+----------+
; altera_reserved_tck ; altera_reserved_tck ; 1791       ; 0          ; 58       ; 3        ;
; SYS_CLK             ; altera_reserved_tck ; false path ; 0          ; 0        ; 0        ;
; altera_reserved_tck ; SYS_CLK             ; false path ; false path ; 0        ; 0        ;
; SYS_CLK             ; SYS_CLK             ; 162463     ; 323        ; 15       ; 0        ;
+---------------------+---------------------+------------+------------+----------+----------+
Entries labeled "false path" only account for clock-to-clock false paths and not path-based false paths. As a result, actual path counts may be lower than reported.


+---------------------------------------------------------------------------------------+
; Recovery Transfers                                                                    ;
+---------------------+---------------------+----------+----------+----------+----------+
; From Clock          ; To Clock            ; RR Paths ; FR Paths ; RF Paths ; FF Paths ;
+---------------------+---------------------+----------+----------+----------+----------+
; altera_reserved_tck ; altera_reserved_tck ; 98       ; 0        ; 2        ; 0        ;
; SYS_CLK             ; SYS_CLK             ; 2227     ; 0        ; 0        ; 0        ;
+---------------------+---------------------+----------+----------+----------+----------+
Entries labeled "false path" only account for clock-to-clock false paths and not path-based false paths. As a result, actual path counts may be lower than reported.


+---------------------------------------------------------------------------------------+
; Removal Transfers                                                                     ;
+---------------------+---------------------+----------+----------+----------+----------+
; From Clock          ; To Clock            ; RR Paths ; FR Paths ; RF Paths ; FF Paths ;
+---------------------+---------------------+----------+----------+----------+----------+
; altera_reserved_tck ; altera_reserved_tck ; 98       ; 0        ; 2        ; 0        ;
; SYS_CLK             ; SYS_CLK             ; 2227     ; 0        ; 0        ; 0        ;
+---------------------+---------------------+----------+----------+----------+----------+
Entries labeled "false path" only account for clock-to-clock false paths and not path-based false paths. As a result, actual path counts may be lower than reported.


---------------
; Report TCCS ;
---------------
No dedicated SERDES Transmitter circuitry present in device or used in design


---------------
; Report RSKM ;
---------------
No non-DPA dedicated SERDES Receiver circuitry present in device or used in design


+------------------------------------------------+
; Unconstrained Paths Summary                    ;
+---------------------------------+-------+------+
; Property                        ; Setup ; Hold ;
+---------------------------------+-------+------+
; Illegal Clocks                  ; 0     ; 0    ;
; Unconstrained Clocks            ; 1     ; 1    ;
; Unconstrained Input Ports       ; 6     ; 6    ;
; Unconstrained Input Port Paths  ; 66    ; 66   ;
; Unconstrained Output Ports      ; 9     ; 9    ;
; Unconstrained Output Port Paths ; 9     ; 9    ;
+---------------------------------+-------+------+


+---------------------------------------------------------------------------------------------------------------------------------------------------------------------------------+
; Clock Status Summary                                                                                                                                                            ;
+------------------------------------------------------------------------------------------------------------------------------------+---------------------+------+---------------+
; Target                                                                                                                             ; Clock               ; Type ; Status        ;
+------------------------------------------------------------------------------------------------------------------------------------+---------------------+------+---------------+
; SYS_CLK                                                                                                                            ; SYS_CLK             ; Base ; Constrained   ;
; USER_CLK                                                                                                                           ; USER_CLK            ; Base ; Constrained   ;
; altera_reserved_tck                                                                                                                ; altera_reserved_tck ; Base ; Constrained   ;
; nios2_control:u0|altera_onchip_flash:onchip_flash_0|altera_onchip_flash_avmm_data_controller:avmm_data_controller|flash_se_neg_reg ;                     ; Base ; Unconstrained ;
+------------------------------------------------------------------------------------------------------------------------------------+---------------------+------+---------------+


+------------------------------------------------------------------------------------------------------------+
; Unconstrained Input Ports                                                                                  ;
+---------------------+--------------------------------------------------------------------------------------+
; Input Port          ; Comment                                                                              ;
+---------------------+--------------------------------------------------------------------------------------+
; PB[1]               ; Partially constrained                                                                ;
; PB[2]               ; No input delay, min/max delays, false-path exceptions, or max skew assignments found ;
; PB[3]               ; No input delay, min/max delays, false-path exceptions, or max skew assignments found ;
; PB[4]               ; Partially constrained                                                                ;
; altera_reserved_tdi ; Partially constrained                                                                ;
; altera_reserved_tms ; No input delay, min/max delays, false-path exceptions, or max skew assignments found ;
+---------------------+--------------------------------------------------------------------------------------+


+-------------------------------------------------------------------------------------------------------------+
; Unconstrained Output Ports                                                                                  ;
+---------------------+---------------------------------------------------------------------------------------+
; Output Port         ; Comment                                                                               ;
+---------------------+---------------------------------------------------------------------------------------+
; USER_LED[1]         ; No output delay, min/max delays, false-path exceptions, or max skew assignments found ;
; USER_LED[2]         ; No output delay, min/max delays, false-path exceptions, or max skew assignments found ;
; USER_LED[3]         ; No output delay, min/max delays, false-path exceptions, or max skew assignments found ;
; USER_LED[4]         ; No output delay, min/max delays, false-path exceptions, or max skew assignments found ;
; USER_LED[5]         ; No output delay, min/max delays, false-path exceptions, or max skew assignments found ;
; USER_LED[6]         ; No output delay, min/max delays, false-path exceptions, or max skew assignments found ;
; USER_LED[7]         ; No output delay, min/max delays, false-path exceptions, or max skew assignments found ;
; USER_LED[8]         ; No output delay, min/max delays, false-path exceptions, or max skew assignments found ;
; altera_reserved_tdo ; No output delay, min/max delays, false-path exceptions, or max skew assignments found ;
+---------------------+---------------------------------------------------------------------------------------+


+------------------------------------------------------------------------------------------------------------+
; Unconstrained Input Ports                                                                                  ;
+---------------------+--------------------------------------------------------------------------------------+
; Input Port          ; Comment                                                                              ;
+---------------------+--------------------------------------------------------------------------------------+
; PB[1]               ; Partially constrained                                                                ;
; PB[2]               ; No input delay, min/max delays, false-path exceptions, or max skew assignments found ;
; PB[3]               ; No input delay, min/max delays, false-path exceptions, or max skew assignments found ;
; PB[4]               ; Partially constrained                                                                ;
; altera_reserved_tdi ; Partially constrained                                                                ;
; altera_reserved_tms ; No input delay, min/max delays, false-path exceptions, or max skew assignments found ;
+---------------------+--------------------------------------------------------------------------------------+


+-------------------------------------------------------------------------------------------------------------+
; Unconstrained Output Ports                                                                                  ;
+---------------------+---------------------------------------------------------------------------------------+
; Output Port         ; Comment                                                                               ;
+---------------------+---------------------------------------------------------------------------------------+
; USER_LED[1]         ; No output delay, min/max delays, false-path exceptions, or max skew assignments found ;
; USER_LED[2]         ; No output delay, min/max delays, false-path exceptions, or max skew assignments found ;
; USER_LED[3]         ; No output delay, min/max delays, false-path exceptions, or max skew assignments found ;
; USER_LED[4]         ; No output delay, min/max delays, false-path exceptions, or max skew assignments found ;
; USER_LED[5]         ; No output delay, min/max delays, false-path exceptions, or max skew assignments found ;
; USER_LED[6]         ; No output delay, min/max delays, false-path exceptions, or max skew assignments found ;
; USER_LED[7]         ; No output delay, min/max delays, false-path exceptions, or max skew assignments found ;
; USER_LED[8]         ; No output delay, min/max delays, false-path exceptions, or max skew assignments found ;
; altera_reserved_tdo ; No output delay, min/max delays, false-path exceptions, or max skew assignments found ;
+---------------------+---------------------------------------------------------------------------------------+


+------------------------------------+
; TimeQuest Timing Analyzer Messages ;
+------------------------------------+
Info: *******************************************************************
Info: Running Quartus Prime TimeQuest Timing Analyzer
    Info: Version 16.1.0 Build 196 10/24/2016 SJ Lite Edition
    Info: Processing started: Fri Jul 16 06:07:19 2021
Info: Command: quartus_sta qsys_control -c qsys_control
Info: qsta_default_script.tcl version: #1
Warning (18236): Number of processors has not been specified which may cause overloading on shared machines.  Set the global assignment NUM_PARALLEL_PROCESSORS in your QSF to an appropriate value for best performance.
Info (20030): Parallel compilation is enabled and will use 6 of the 6 processors detected
Info (21077): Low junction temperature is 0 degrees C
Info (21077): High junction temperature is 85 degrees C
Info (332164): Evaluating HDL-embedded SDC commands
    Info (332165): Entity GHVD5181
        Info (332166): set_disable_timing [get_cells -hierarchical QXXQ6833_0]
        Info (332166): set_disable_timing [get_cells -hierarchical JEQQ5299_0]
        Info (332166): set_disable_timing [get_cells -hierarchical JEQQ5299_1]
        Info (332166): set_disable_timing [get_cells -hierarchical JEQQ5299_2]
        Info (332166): set_disable_timing [get_cells -hierarchical JEQQ5299_3]
        Info (332166): set_disable_timing [get_cells -hierarchical JEQQ5299_4]
        Info (332166): set_disable_timing [get_cells -hierarchical JEQQ5299_5]
        Info (332166): set_disable_timing [get_cells -hierarchical JEQQ5299_6]
        Info (332166): set_disable_timing [get_cells -hierarchical JEQQ5299_7]
        Info (332166): set_disable_timing [get_cells -hierarchical BITP7563_0]
    Info (332165): Entity alt_jtag_atlantic
        Info (332166): set_false_path -from [get_registers {*|alt_jtag_atlantic:*|jupdate}] -to [get_registers {*|alt_jtag_atlantic:*|jupdate1*}] 
        Info (332166): set_false_path -from [get_registers {*|alt_jtag_atlantic:*|rdata[*]}] -to [get_registers {*|alt_jtag_atlantic*|td_shift[*]}]
        Info (332166): set_false_path -from [get_registers {*|alt_jtag_atlantic:*|rdata[*]}] -to [get_registers {*|alt_jtag_atlantic*|td_shift[*]}]
        Info (332166): set_false_path -from [get_registers {*|alt_jtag_atlantic:*|rdata[*]}] -to [get_registers {*|alt_jtag_atlantic*|td_shift[*]}]
        Info (332166): set_false_path -from [get_registers {*|alt_jtag_atlantic:*|rdata[*]}] -to [get_registers {*|alt_jtag_atlantic*|td_shift[*]}]
        Info (332166): set_false_path -from [get_registers {*|alt_jtag_atlantic:*|rdata[*]}] -to [get_registers {*|alt_jtag_atlantic*|td_shift[*]}]
        Info (332166): set_false_path -from [get_registers {*|alt_jtag_atlantic:*|rdata[*]}] -to [get_registers {*|alt_jtag_atlantic*|td_shift[*]}]
        Info (332166): set_false_path -from [get_registers {*|alt_jtag_atlantic:*|rdata[*]}] -to [get_registers {*|alt_jtag_atlantic*|td_shift[*]}]
        Info (332166): set_false_path -from [get_registers {*|alt_jtag_atlantic:*|rdata[*]}] -to [get_registers {*|alt_jtag_atlantic*|td_shift[*]}]
        Info (332166): set_false_path -from [get_registers {*|alt_jtag_atlantic:*|read}] -to [get_registers {*|alt_jtag_atlantic:*|read1*}] 
        Info (332166): set_false_path -from [get_registers {*|alt_jtag_atlantic:*|read_req}]
        Info (332166): set_false_path -from [get_registers {*|alt_jtag_atlantic:*|rvalid}] -to [get_registers {*|alt_jtag_atlantic*|td_shift[*]}]
        Info (332166): set_false_path -from [get_registers {*|t_dav}] -to [get_registers {*|alt_jtag_atlantic:*|tck_t_dav}]
        Info (332166): set_false_path -from [get_registers {*|alt_jtag_atlantic:*|user_saw_rvalid}] -to [get_registers {*|alt_jtag_atlantic:*|rvalid0*}]
        Info (332166): set_false_path -from [get_registers {*|alt_jtag_atlantic:*|wdata[*]}] -to [get_registers {*}]
        Info (332166): set_false_path -from [get_registers {*|alt_jtag_atlantic:*|wdata[*]}] -to [get_registers {*}]
        Info (332166): set_false_path -from [get_registers {*|alt_jtag_atlantic:*|wdata[*]}] -to [get_registers {*}]
        Info (332166): set_false_path -from [get_registers {*|alt_jtag_atlantic:*|wdata[*]}] -to [get_registers {*}]
        Info (332166): set_false_path -from [get_registers {*|alt_jtag_atlantic:*|wdata[*]}] -to [get_registers {*}]
        Info (332166): set_false_path -from [get_registers {*|alt_jtag_atlantic:*|wdata[*]}] -to [get_registers {*}]
        Info (332166): set_false_path -from [get_registers {*|alt_jtag_atlantic:*|wdata[*]}] -to [get_registers {*}]
        Info (332166): set_false_path -from [get_registers {*|alt_jtag_atlantic:*|wdata[*]}] -to [get_registers {*}]
        Info (332166): set_false_path -from [get_registers {*|alt_jtag_atlantic:*|write}] -to [get_registers {*|alt_jtag_atlantic:*|write1*}] 
        Info (332166): set_false_path -from [get_registers {*|alt_jtag_atlantic:*|write_stalled}] -to [get_registers {*|alt_jtag_atlantic:*|t_ena*}]
        Info (332166): set_false_path -from [get_registers {*|alt_jtag_atlantic:*|write_stalled}] -to [get_registers {*|alt_jtag_atlantic:*|t_pause*}]
        Info (332166): set_false_path -from [get_registers {*|alt_jtag_atlantic:*|write_valid}]
    Info (332165): Entity altera_std_synchronizer
        Info (332166): set_false_path -to [get_keepers {*altera_std_synchronizer:*|din_s1}]
    Info (332165): Entity pzdyqx_impl
        Info (332166): set_false_path -from [get_keepers {altera_reserved_tdi}] -to [get_keepers {pzdyqx*}]
    Info (332165): Entity sld_hub
        Info (332166): create_clock -name altera_reserved_tck [get_ports {altera_reserved_tck}] -period 10MHz   
        Info (332166): set_clock_groups -asynchronous -group {altera_reserved_tck}
Info (332104): Reading SDC File: 'nios2_control/synthesis/submodules/altera_reset_controller.sdc'
Info (332104): Reading SDC File: 'nios2_control/synthesis/submodules/altera_avalon_st_handshake_clock_crosser.sdc'
Info (332104): Reading SDC File: 'nios2_control/synthesis/submodules/altera_avalon_dc_fifo.sdc'
Info (332104): Reading SDC File: 'nios2_control/synthesis/submodules/altera_onchip_flash.sdc'
Info (332104): Reading SDC File: 'nios2_control/synthesis/submodules/nios2_control_nios2_cpu_cpu.sdc'
Info (332104): Reading SDC File: 'BeMicro_MAX10_top.sdc'
Info (332097): The following timing edges are non-unate.  TimeQuest will assume pos-unate behavior for these edges in the clock network.
    Info (332098): Cell: altera_internal_jtag  from: tck  to: tckutap
Warning (332056): PLL cross checking found inconsistent PLL clock settings:
    Warning (332056): Node: u0|onchip_flash_0|altera_onchip_flash_block|ufm_block|osc was found missing 1 generated clock that corresponds to a base clock with a period of: 181.818
    Warning (332056): Node: u0|altpll_0|sd1|pll7|clk[0] was found missing 1 generated clock that corresponds to a base clock with a period of: 20.000
    Warning (332056): Node: u0|altpll_0|sd1|pll7|clk[1] was found missing 1 generated clock that corresponds to a base clock with a period of: 20.000
Critical Warning (332168): The following clock transfers have no clock uncertainty assignment. For more accurate results, apply clock uncertainty assignments or use the derive_clock_uncertainty command.
    Critical Warning (332169): From altera_reserved_tck (Rise) to altera_reserved_tck (Rise) (setup and hold)
    Critical Warning (332169): From altera_reserved_tck (Rise) to altera_reserved_tck (Fall) (setup and hold)
    Critical Warning (332169): From altera_reserved_tck (Fall) to altera_reserved_tck (Fall) (setup and hold)
    Critical Warning (332169): From SYS_CLK (Rise) to SYS_CLK (Rise) (setup and hold)
    Critical Warning (332169): From SYS_CLK (Fall) to SYS_CLK (Rise) (setup and hold)
    Critical Warning (332169): From SYS_CLK (Rise) to SYS_CLK (Fall) (setup and hold)
Info: Found TIMEQUEST_REPORT_SCRIPT_INCLUDE_DEFAULT_ANALYSIS = ON
Info: Analyzing Slow 1200mV 85C Model
Info: Can't run Report Timing Closure Recommendations. The current device family is not supported.
Info (332146): Worst-case setup slack is 4.846
    Info (332119):     Slack       End Point TNS Clock 
    Info (332119): ========= =================== =====================
    Info (332119):     4.846               0.000 SYS_CLK 
    Info (332119):    44.205               0.000 altera_reserved_tck 
Info (332146): Worst-case hold slack is 0.359
    Info (332119):     Slack       End Point TNS Clock 
    Info (332119): ========= =================== =====================
    Info (332119):     0.359               0.000 SYS_CLK 
    Info (332119):     0.362               0.000 altera_reserved_tck 
Info (332146): Worst-case recovery slack is 13.797
    Info (332119):     Slack       End Point TNS Clock 
    Info (332119): ========= =================== =====================
    Info (332119):    13.797               0.000 SYS_CLK 
    Info (332119):    47.142               0.000 altera_reserved_tck 
Info (332146): Worst-case removal slack is 1.028
    Info (332119):     Slack       End Point TNS Clock 
    Info (332119): ========= =================== =====================
    Info (332119):     1.028               0.000 SYS_CLK 
    Info (332119):     1.431               0.000 altera_reserved_tck 
Info (332146): Worst-case minimum pulse width slack is 7.907
    Info (332119):     Slack       End Point TNS Clock 
    Info (332119): ========= =================== =====================
    Info (332119):     7.907               0.000 SYS_CLK 
    Info (332119):    37.667               0.000 USER_CLK 
    Info (332119):    49.645               0.000 altera_reserved_tck 
Info (332114): Report Metastability: Found 44 synchronizer chains.
    Info (332114): Worst-Case MTBF of Design is 1e+09 years or 3.15e+16 seconds.
    Info (332114): Typical MTBF of Design is 1e+09 years or 3.15e+16 seconds.

    Info (332114): Number of Synchronizer Chains Found: 44
    Info (332114): Shortest Synchronizer Chain: 2 Registers
    Info (332114): Fraction of Chains for which MTBFs Could Not be Calculated: 0.227
    Info (332114): Worst Case Available Settling Time: 34.743 ns
    Info (332114): 
    Info (332114): Worst-Case MTBF values are calculated based on the worst-case silicon characteristics, with worst-case operating conditions.
    Info (332114):   - Under worst-case conditions, an increase of 100ps in available settling time will increase MTBF values by a factor of 1.5
    Info (332114): Typical MTBF values are calculated based on the nominal silicon characteristics, at nominal operating conditions.
    Info (332114):   - Under typical conditions, an increase of 100ps in available settling time will increase MTBF values by a factor of 3.7
Info: Analyzing Slow 1200mV 0C Model
Info (334003): Started post-fitting delay annotation
Warning (334000): Timing characteristics of device 10M08DAF484C8GES are preliminary
Info (334004): Delay annotation completed successfully
Info (332097): The following timing edges are non-unate.  TimeQuest will assume pos-unate behavior for these edges in the clock network.
    Info (332098): Cell: altera_internal_jtag  from: tck  to: tckutap
Warning (332056): PLL cross checking found inconsistent PLL clock settings:
    Warning (332056): Node: u0|onchip_flash_0|altera_onchip_flash_block|ufm_block|osc was found missing 1 generated clock that corresponds to a base clock with a period of: 181.818
    Warning (332056): Node: u0|altpll_0|sd1|pll7|clk[0] was found missing 1 generated clock that corresponds to a base clock with a period of: 20.000
    Warning (332056): Node: u0|altpll_0|sd1|pll7|clk[1] was found missing 1 generated clock that corresponds to a base clock with a period of: 20.000
Critical Warning (332168): The following clock transfers have no clock uncertainty assignment. For more accurate results, apply clock uncertainty assignments or use the derive_clock_uncertainty command.
    Critical Warning (332169): From altera_reserved_tck (Rise) to altera_reserved_tck (Rise) (setup and hold)
    Critical Warning (332169): From altera_reserved_tck (Rise) to altera_reserved_tck (Fall) (setup and hold)
    Critical Warning (332169): From altera_reserved_tck (Fall) to altera_reserved_tck (Fall) (setup and hold)
    Critical Warning (332169): From SYS_CLK (Rise) to SYS_CLK (Rise) (setup and hold)
    Critical Warning (332169): From SYS_CLK (Fall) to SYS_CLK (Rise) (setup and hold)
    Critical Warning (332169): From SYS_CLK (Rise) to SYS_CLK (Fall) (setup and hold)
Info (332146): Worst-case setup slack is 5.165
    Info (332119):     Slack       End Point TNS Clock 
    Info (332119): ========= =================== =====================
    Info (332119):     5.165               0.000 SYS_CLK 
    Info (332119):    44.390               0.000 altera_reserved_tck 
Info (332146): Worst-case hold slack is 0.321
    Info (332119):     Slack       End Point TNS Clock 
    Info (332119): ========= =================== =====================
    Info (332119):     0.321               0.000 SYS_CLK 
    Info (332119):     0.324               0.000 altera_reserved_tck 
Info (332146): Worst-case recovery slack is 14.238
    Info (332119):     Slack       End Point TNS Clock 
    Info (332119): ========= =================== =====================
    Info (332119):    14.238               0.000 SYS_CLK 
    Info (332119):    47.308               0.000 altera_reserved_tck 
Info (332146): Worst-case removal slack is 0.953
    Info (332119):     Slack       End Point TNS Clock 
    Info (332119): ========= =================== =====================
    Info (332119):     0.953               0.000 SYS_CLK 
    Info (332119):     1.284               0.000 altera_reserved_tck 
Info (332146): Worst-case minimum pulse width slack is 7.843
    Info (332119):     Slack       End Point TNS Clock 
    Info (332119): ========= =================== =====================
    Info (332119):     7.843               0.000 SYS_CLK 
    Info (332119):    37.667               0.000 USER_CLK 
    Info (332119):    49.673               0.000 altera_reserved_tck 
Info (332114): Report Metastability: Found 44 synchronizer chains.
    Info (332114): Worst-Case MTBF of Design is 1e+09 years or 3.15e+16 seconds.
    Info (332114): Typical MTBF of Design is 1e+09 years or 3.15e+16 seconds.

    Info (332114): Number of Synchronizer Chains Found: 44
    Info (332114): Shortest Synchronizer Chain: 2 Registers
    Info (332114): Fraction of Chains for which MTBFs Could Not be Calculated: 0.227
    Info (332114): Worst Case Available Settling Time: 35.142 ns
    Info (332114): 
    Info (332114): Worst-Case MTBF values are calculated based on the worst-case silicon characteristics, with worst-case operating conditions.
    Info (332114):   - Under worst-case conditions, an increase of 100ps in available settling time will increase MTBF values by a factor of 1.5
    Info (332114): Typical MTBF values are calculated based on the nominal silicon characteristics, at nominal operating conditions.
    Info (332114):   - Under typical conditions, an increase of 100ps in available settling time will increase MTBF values by a factor of 3.7
Info: Analyzing Fast 1200mV 0C Model
Info (332097): The following timing edges are non-unate.  TimeQuest will assume pos-unate behavior for these edges in the clock network.
    Info (332098): Cell: altera_internal_jtag  from: tck  to: tckutap
Warning (332056): PLL cross checking found inconsistent PLL clock settings:
    Warning (332056): Node: u0|onchip_flash_0|altera_onchip_flash_block|ufm_block|osc was found missing 1 generated clock that corresponds to a base clock with a period of: 181.818
    Warning (332056): Node: u0|altpll_0|sd1|pll7|clk[0] was found missing 1 generated clock that corresponds to a base clock with a period of: 20.000
    Warning (332056): Node: u0|altpll_0|sd1|pll7|clk[1] was found missing 1 generated clock that corresponds to a base clock with a period of: 20.000
Critical Warning (332168): The following clock transfers have no clock uncertainty assignment. For more accurate results, apply clock uncertainty assignments or use the derive_clock_uncertainty command.
    Critical Warning (332169): From altera_reserved_tck (Rise) to altera_reserved_tck (Rise) (setup and hold)
    Critical Warning (332169): From altera_reserved_tck (Rise) to altera_reserved_tck (Fall) (setup and hold)
    Critical Warning (332169): From altera_reserved_tck (Fall) to altera_reserved_tck (Fall) (setup and hold)
    Critical Warning (332169): From SYS_CLK (Rise) to SYS_CLK (Rise) (setup and hold)
    Critical Warning (332169): From SYS_CLK (Fall) to SYS_CLK (Rise) (setup and hold)
    Critical Warning (332169): From SYS_CLK (Rise) to SYS_CLK (Fall) (setup and hold)
Info (332146): Worst-case setup slack is 6.578
    Info (332119):     Slack       End Point TNS Clock 
    Info (332119): ========= =================== =====================
    Info (332119):     6.578               0.000 SYS_CLK 
    Info (332119):    48.050               0.000 altera_reserved_tck 
Info (332146): Worst-case hold slack is 0.150
    Info (332119):     Slack       End Point TNS Clock 
    Info (332119): ========= =================== =====================
    Info (332119):     0.150               0.000 SYS_CLK 
    Info (332119):     0.152               0.000 altera_reserved_tck 
Info (332146): Worst-case recovery slack is 17.144
    Info (332119):     Slack       End Point TNS Clock 
    Info (332119): ========= =================== =====================
    Info (332119):    17.144               0.000 SYS_CLK 
    Info (332119):    49.034               0.000 altera_reserved_tck 
Info (332146): Worst-case removal slack is 0.423
    Info (332119):     Slack       End Point TNS Clock 
    Info (332119): ========= =================== =====================
    Info (332119):     0.423               0.000 SYS_CLK 
    Info (332119):     0.574               0.000 altera_reserved_tck 
Info (332146): Worst-case minimum pulse width slack is 7.580
    Info (332119):     Slack       End Point TNS Clock 
    Info (332119): ========= =================== =====================
    Info (332119):     7.580               0.000 SYS_CLK 
    Info (332119):    37.667               0.000 USER_CLK 
    Info (332119):    49.416               0.000 altera_reserved_tck 
Info (332114): Report Metastability: Found 44 synchronizer chains.
    Info (332114): Worst-Case MTBF of Design is 1e+09 years or 3.15e+16 seconds.
    Info (332114): Typical MTBF of Design is 1e+09 years or 3.15e+16 seconds.

    Info (332114): Number of Synchronizer Chains Found: 44
    Info (332114): Shortest Synchronizer Chain: 2 Registers
    Info (332114): Fraction of Chains for which MTBFs Could Not be Calculated: 0.227
    Info (332114): Worst Case Available Settling Time: 37.969 ns
    Info (332114): 
    Info (332114): Worst-Case MTBF values are calculated based on the worst-case silicon characteristics, with worst-case operating conditions.
    Info (332114):   - Under worst-case conditions, an increase of 100ps in available settling time will increase MTBF values by a factor of 1.5
    Info (332114): Typical MTBF values are calculated based on the nominal silicon characteristics, at nominal operating conditions.
    Info (332114):   - Under typical conditions, an increase of 100ps in available settling time will increase MTBF values by a factor of 3.7
Info (332102): Design is not fully constrained for setup requirements
Info (332102): Design is not fully constrained for hold requirements
Info: Quartus Prime TimeQuest Timing Analyzer was successful. 0 errors, 35 warnings
    Info: Peak virtual memory: 4875 megabytes
    Info: Processing ended: Fri Jul 16 06:07:24 2021
    Info: Elapsed time: 00:00:05
    Info: Total CPU time (on all processors): 00:00:09


